<?xml version="1.0" encoding="UTF-8"?>
<testsuite xmlns:xsi="http://www.w3.org/2001/XMLSchema-instance" xsi:noNamespaceSchemaLocation="https://maven.apache.org/surefire/maven-surefire-plugin/xsd/surefire-test-report.xsd" version="3.0.2" name="com.example.booking_ms.BookingMsApplicationTests" time="3.208" tests="1" errors="0" skipped="0" failures="0">
  <properties>
[...]
</properties>
  <testcase name="contextLoads" classname="com.example.booking_ms.BookingMsApplicationTests" time="0.626">
    <system-out><![CDATA[00:34:55.567 [main] INFO org.springframework.test.context.support.AnnotationConfigContextLoaderUtils -- Could not detect default configuration classes for test class [com.example.booking_ms.BookingMsApplicationTests]: BookingMsApplicationTests does not declare any static, non-private, non-final, nested classes annotated with @Configuration.
00:34:55.701 [main] INFO org.springframework.boot.test.context.SpringBootTestContextBootstrapper -- Found @SpringBootConfiguration com.example.booking_ms.BookingMsApplication for test class com.example.booking_ms.BookingMsApplicationTests

  .   ____          _            __ _ _
 /\\ / ___'_ __ _ _(_)_ __  __ _ \ \ \ \
( ( )\___ | '_ | '_| | '_ \/ _` | \ \ \ \
 \\/  ___)| |_)| | | | | || (_| |  ) ) ) )
  '  |____| .__|_| |_|_| |_\__, | / / / /
 =========|_|==============|___/=/_/_/_/

 :: Spring Boot ::               (v3.5.11)

2026-02-25T00:34:56.162+05:30  INFO 3016 --- [booking-ms] [           main] c.e.b.BookingMsApplicationTests          : Starting BookingMsApplicationTests using Java 21.0.10 with PID 3016 (started by Admin in C:\NewWorkStation\booking-ms\booking-ms)
2026-02-25T00:34:56.163+05:30  INFO 3016 --- [booking-ms] [           main] c.e.b.BookingMsApplicationTests          : No active profile set, falling back to 1 default profile: "default"
2026-02-25T00:34:57.847+05:30  INFO 3016 --- [booking-ms] [           main] o.s.b.a.e.web.EndpointLinksResolver      : Exposing 1 endpoint beneath base path '/actuator'
2026-02-25T00:34:57.908+05:30  INFO 3016 --- [booking-ms] [           main] c.e.b.BookingMsApplicationTests          : Started BookingMsApplicationTests in 2.041 seconds (process running for 2.99)
]]></system-out>
    <system-err><![CDATA[Mockito is currently self-attaching to enable the inline-mock-maker. This will no longer work in future releases of the JDK. Please add Mockito as an agent to your build as described in Mockito's documentation: https://javadoc.io/doc/org.mockito/mockito-core/latest/org.mockito/org/mockito/Mockito.html#0.3
WARNING: A Java agent has been loaded dynamically (C:\Users\Admin\.m2\repository\net\bytebuddy\byte-buddy-agent\1.17.8\byte-buddy-agent-1.17.8.jar)
WARNING: If a serviceability tool is in use, please run with -XX:+EnableDynamicAgentLoading to hide this warning
WARNING: If a serviceability tool is not in use, please run with -Djdk.instrument.traceUsage for more information
WARNING: Dynamic loading of agents will be disallowed by default in a future release
]]></system-err>
  </testcase>
</testsuite>